<?xml version="1.0" encoding="UTF-8"?>
<!-- Generated by org.testng.reporters.JUnitReportReporter -->
<testsuite hostname="DESKTOP-MIQ0RBI" failures="0" tests="2" name="com.cleartrip.qa.testcases.HotelSearchPageTest" time="90.642" errors="0" timestamp="2020-10-19T15:57:12 IST" skipped="0">
  <testcase classname="com.cleartrip.qa.testcases.HotelSearchPageTest" name="searchTest" time="56.273"/>
  <system-out/>
  <testcase classname="com.cleartrip.qa.testcases.HotelSearchPageTest" name="invalidSearchTest" time="34.369"/>
  <system-out/>
</testsuite> <!-- com.cleartrip.qa.testcases.HotelSearchPageTest -->
