<?xml version="1.0" encoding="UTF-8"?>
<!-- Generated by org.testng.reporters.JUnitReportReporter -->
<testsuite hostname="DESKTOP-MIQ0RBI" failures="0" tests="3" name="com.cleartrip.qa.testcases.LoginPageTest" time="67.550" errors="0" timestamp="2020-10-19T15:57:12 IST" skipped="0">
  <testcase classname="com.cleartrip.qa.testcases.LoginPageTest" name="loginPageTitleTest" time="14.565"/>
  <system-out/>
  <testcase classname="com.cleartrip.qa.testcases.LoginPageTest" name="loginTest" time="31.132"/>
  <system-out/>
  <testcase classname="com.cleartrip.qa.testcases.LoginPageTest" name="invalidloginTest" time="21.853"/>
  <system-out/>
</testsuite> <!-- com.cleartrip.qa.testcases.LoginPageTest -->
